#
# There is insufficient memory for the Java Runtime Environment to continue.
# Native memory allocation (malloc) failed to allocate 32752 bytes. Error detail: Chunk::new
# Possible reasons:
#   The system is out of physical RAM or swap space
#   This process is running with CompressedOops enabled, and the Java Heap may be blocking the growth of the native heap
# Possible solutions:
#   Reduce memory load on the system
#   Increase physical memory or swap space
#   Check if swap backing store is full
#   Decrease Java heap size (-Xmx/-Xms)
#   Decrease number of Java threads
#   Decrease Java thread stack sizes (-Xss)
#   Set larger code cache with -XX:ReservedCodeCacheSize=
#   JVM is running with Unscaled Compressed Oops mode in which the Java heap is
#     placed in the first 4GB address space. The Java Heap base address is the
#     maximum limit for the native heap growth. Please use -XX:HeapBaseMinAddress
#     to set the Java Heap base and to place the Java Heap above 4GB virtual address.
# This output file may be truncated or incomplete.
#
#  Out of Memory Error (arena.cpp:186), pid=6996, tid=6148
#
# JRE version: OpenJDK Runtime Environment Temurin-25+36 (25.0+36) (build 25+36-LTS)
# Java VM: OpenJDK 64-Bit Server VM Temurin-25+36 (25+36-LTS, mixed mode, sharing, tiered, compressed oops, compressed class ptrs, g1 gc, windows-amd64)
# No core dump will be written. Minidumps are not enabled by default on client versions of Windows
#

---------------  S U M M A R Y ------------

Command Line: --enable-native-access=ALL-UNNAMED -Dclassworlds.conf=C:\Users\Nadjidatie\Maven\apache-maven-3.9.11-bin\apache-maven-3.9.11\bin\m2.conf -Dmaven.home=C:\Users\Nadjidatie\Maven\apache-maven-3.9.11-bin\apache-maven-3.9.11 -Dlibrary.jansi.path=C:\Users\Nadjidatie\Maven\apache-maven-3.9.11-bin\apache-maven-3.9.11\lib\jansi-native -Dmaven.multiModuleProjectDirectory=C:\Users\Nadjidatie\airport-si-koteam org.codehaus.plexus.classworlds.launcher.Launcher clean verify sonar:sonar -Dsonar .login=squ_0dbce132bf51adbc1d3b4ea522e6694fbf1abba8

Host: Intel(R) Pentium(R) CPU 4425Y @ 1.70GHz, 4 cores, 3G,  Windows 10 , 64 bit Build 19041 (10.0.19041.928)
Time: Wed Sep 24 08:45:48 2025 elapsed time: 85.894556 seconds (0d 0h 1m 25s)

---------------  T H R E A D  ---------------

Current thread (0x000001b05aa08e90):  JavaThread "C2 CompilerThread0" daemon [_thread_in_native, id=6148, stack(0x0000000665800000,0x0000000665900000) (1024K)]


Current CompileTask:
C2:85894 13539       4       org.fusesource.jansi.io.AnsiOutputStream::write (898 bytes)

Stack: [0x0000000665800000,0x0000000665900000]
Native frames: (J=compiled Java code, j=interpreted, Vv=VM code, C=native code)
V  [jvm.dll+0x7a8259]  (no source info available)
V  [jvm.dll+0x7728dd]  (no source info available)
V  [jvm.dll+0x9f5583]  (no source info available)
V  [jvm.dll+0x9f7b71]  (no source info available)
V  [jvm.dll+0x9f8273]  (no source info available)
V  [jvm.dll+0x2fcd26]  (no source info available)
V  [jvm.dll+0x111086]  (no source info available)
V  [jvm.dll+0x1113ae]  (no source info available)
V  [jvm.dll+0x7d450e]  (no source info available)
V  [jvm.dll+0x2543d7]  (no source info available)
V  [jvm.dll+0x2c019c]  (no source info available)
V  [jvm.dll+0x2bf2ef]  (no source info available)
V  [jvm.dll+0x237300]  (no source info available)
V  [jvm.dll+0x2cf386]  (no source info available)
V  [jvm.dll+0x2cd60a]  (no source info available)
V  [jvm.dll+0x48f5ee]  (no source info available)
V  [jvm.dll+0x99610d]  (no source info available)
V  [jvm.dll+0x7a6835]  (no source info available)
C  [ucrtbase.dll+0x21bb2]  (no source info available)
C  [KERNEL32.DLL+0x17034]  (no source info available)
C  [ntdll.dll+0x52651]  (no source info available)

Lock stack of current Java thread (top to bottom):


---------------  P R O C E S S  ---------------

Threads class SMR info:
_java_thread_list=0x000001b0600c8a00, length=20, elements={
0x000001b03d660040, 0x000001b05a9fe2c0, 0x000001b05a9ff120, 0x000001b05aa049d0,
0x000001b05aa058e0, 0x000001b05aa064a0, 0x000001b05aa07800, 0x000001b05aa08e90,
0x000001b05aa0a9e0, 0x000001b05ab5e990, 0x000001b05ab69b70, 0x000001b05fdc69c0,
0x000001b05f485db0, 0x000001b0635f2e80, 0x000001b0635ee060, 0x000001b0635f45f0,
0x000001b0635f4dc0, 0x000001b0635effa0, 0x000001b05ae2df70, 0x000001b05ae31df0
}

Java Threads: ( => current thread )
  0x000001b03d660040 JavaThread "main"                              [_thread_in_native, id=9596, stack(0x0000000664a00000,0x0000000664b00000) (1024K)]
  0x000001b05a9fe2c0 JavaThread "Reference Handler"          daemon [_thread_blocked, id=7544, stack(0x0000000665200000,0x0000000665300000) (1024K)]
  0x000001b05a9ff120 JavaThread "Finalizer"                  daemon [_thread_blocked, id=3596, stack(0x0000000665300000,0x0000000665400000) (1024K)]
  0x000001b05aa049d0 JavaThread "Signal Dispatcher"          daemon [_thread_blocked, id=10168, stack(0x0000000665400000,0x0000000665500000) (1024K)]
  0x000001b05aa058e0 JavaThread "Attach Listener"            daemon [_thread_blocked, id=8068, stack(0x0000000665500000,0x0000000665600000) (1024K)]
  0x000001b05aa064a0 JavaThread "Service Thread"             daemon [_thread_blocked, id=9656, stack(0x0000000665600000,0x0000000665700000) (1024K)]
  0x000001b05aa07800 JavaThread "Monitor Deflation Thread"   daemon [_thread_blocked, id=5244, stack(0x0000000665700000,0x0000000665800000) (1024K)]
=>0x000001b05aa08e90 JavaThread "C2 CompilerThread0"         daemon [_thread_in_native, id=6148, stack(0x0000000665800000,0x0000000665900000) (1024K)]
  0x000001b05aa0a9e0 JavaThread "C1 CompilerThread0"         daemon [_thread_blocked, id=12932, stack(0x0000000665900000,0x0000000665a00000) (1024K)]
  0x000001b05ab5e990 JavaThread "Notification Thread"        daemon [_thread_blocked, id=15844, stack(0x0000000665a00000,0x0000000665b00000) (1024K)]
  0x000001b05ab69b70 JavaThread "Common-Cleaner"             daemon [_thread_blocked, id=1200, stack(0x0000000665b00000,0x0000000665c00000) (1024K)]
  0x000001b05fdc69c0 JavaThread "Thread-1"                   daemon [_thread_blocked, id=11060, stack(0x0000000665f00000,0x0000000666000000) (1024K)]
  0x000001b05f485db0 JavaThread "resolver-1"                 daemon [_thread_blocked, id=15296, stack(0x0000000666300000,0x0000000666400000) (1024K)]
  0x000001b0635f2e80 JavaThread "resolver-2"                 daemon [_thread_blocked, id=4312, stack(0x0000000666400000,0x0000000666500000) (1024K)]
  0x000001b0635ee060 JavaThread "timeout-check-timer"        daemon [_thread_blocked, id=14548, stack(0x0000000664700000,0x0000000664800000) (1024K)]
  0x000001b0635f45f0 JavaThread "ping-timer-10s"             daemon [_thread_blocked, id=10444, stack(0x0000000664800000,0x0000000664900000) (1024K)]
  0x000001b0635f4dc0 JavaThread "ThreadedStreamConsumer"     daemon [_thread_blocked, id=16820, stack(0x0000000666500000,0x0000000666600000) (1024K)]
  0x000001b0635effa0 JavaThread "fork-1-err-thread"          daemon [_thread_in_native, id=7064, stack(0x0000000666600000,0x0000000666700000) (1024K)]
  0x000001b05ae2df70 JavaThread "commands-fork-1"            daemon [_thread_blocked, id=3132, stack(0x0000000666700000,0x0000000666800000) (1024K)]
  0x000001b05ae31df0 JavaThread "fork-1-event-thread"        daemon [_thread_in_native, id=4456, stack(0x0000000666800000,0x0000000666900000) (1024K)]
Total: 20

Other Threads:
  0x000001b05a9ecf70 VMThread "VM Thread"                           [id=17056, stack(0x0000000665100000,0x0000000665200000) (1024K)]
  0x000001b05a9ecb60 WatcherThread "VM Periodic Task Thread"        [id=14480, stack(0x0000000665000000,0x0000000665100000) (1024K)]
  0x000001b03d7981e0 WorkerThread "GC Thread#0"                     [id=9716, stack(0x0000000664b00000,0x0000000664c00000) (1024K)]
  0x000001b05fafbff0 WorkerThread "GC Thread#1"                     [id=3164, stack(0x0000000665c00000,0x0000000665d00000) (1024K)]
  0x000001b05f94c420 WorkerThread "GC Thread#2"                     [id=14952, stack(0x0000000665d00000,0x0000000665e00000) (1024K)]
  0x000001b05f8fd990 WorkerThread "GC Thread#3"                     [id=7152, stack(0x0000000665e00000,0x0000000665f00000) (1024K)]
  0x000001b03d7a4e30 ConcurrentGCThread "G1 Main Marker"            [id=4724, stack(0x0000000664c00000,0x0000000664d00000) (1024K)]
  0x000001b03d7a6170 WorkerThread "G1 Conc#0"                       [id=17028, stack(0x0000000664d00000,0x0000000664e00000) (1024K)]
  0x000001b03d7cdfd0 ConcurrentGCThread "G1 Refine#0"               [id=804, stack(0x0000000664e00000,0x0000000664f00000) (1024K)]
  0x000001b03d7d1b00 ConcurrentGCThread "G1 Service"                [id=6884, stack(0x0000000664f00000,0x0000000665000000) (1024K)]
Total: 10

Threads with active compile tasks:
C2 CompilerThread0  86128 13539       4       org.fusesource.jansi.io.AnsiOutputStream::write (898 bytes)
Total: 1

VM state: not at safepoint (normal execution)

VM Mutex/Monitor currently owned by a thread: None

Heap address: 0x00000000c2000000, size: 992 MB, Compressed Oops mode: 32-bit

CDS archive(s) mapped at: [0x0000000016000000-0x0000000016dd0000-0x0000000016dd0000), size 14483456, SharedBaseAddress: 0x0000000016000000, ArchiveRelocationMode: 1.
Compressed class space mapped at: 0x0000000017000000-0x0000000057000000, reserved size: 1073741824
UseCompressedClassPointers 1, UseCompactObjectHeaders 0
Narrow klass pointer bits 32, Max shift 3
Narrow klass base: 0x0000000016000000, Narrow klass shift: 0
Encoding Range: [0x0000000016000000 - 0x0000000116000000), (4294967296 bytes)
Klass Range:    [0x0000000016010000 - 0x0000000057000000), (1090453504 bytes)
Klass ID Range:  [65536 - 1090519033) (1090453497)
Protection zone: [0x0000000016000000 - 0x0000000016010000), (65536 bytes)

GC Precious Log:
 CardTable entry size: 512
 Card Set container configuration: InlinePtr #cards 5 size 8 Array Of Cards #cards 10 size 36 Howl #buckets 4 coarsen threshold 1843 Howl Bitmap #cards 512 size 80 coarsen threshold 460 Card regions per heap region 1 cards per card region 2048
 CPUs: 4 total, 4 available
 Memory: 3965M
 Large Page Support: Disabled
 NUMA Support: Disabled
 Compressed Oops: Enabled (32-bit)
 Heap Region Size: 1M
 Heap Min Capacity: 8M
 Heap Initial Capacity: 62M
 Heap Max Capacity: 992M
 Pre-touch: Disabled
 Parallel Workers: 4
 Concurrent Workers: 1
 Concurrent Refinement Workers: 4
 Periodic GC: Disabled

Heap:
 garbage-first heap   total reserved 1015808K, committed 150528K, used 128421K [0x00000000c2000000, 0x0000000100000000)
  region size 1024K, 33 young (33792K), 5 survivors (5120K)

Heap Regions: E=young(eden), S=young(survivor), O=old, HS=humongous(starts), HC=humongous(continues), CS=collection set, F=free, TAMS=top-at-mark-start, PB=parsable bottom
|   0|0x00000000c2000000, 0x00000000c2100000, 0x00000000c2100000|100%| O|  |TAMS 0x00000000c2000000| PB 0x00000000c2000000| Untracked |  0
|   1|0x00000000c2100000, 0x00000000c2200000, 0x00000000c2200000|100%| O|  |TAMS 0x00000000c2100000| PB 0x00000000c2100000| Untracked |  0
|   2|0x00000000c2200000, 0x00000000c2300000, 0x00000000c2300000|100%| O|  |TAMS 0x00000000c2200000| PB 0x00000000c2200000| Untracked |  0
|   3|0x00000000c2300000, 0x00000000c2400000, 0x00000000c2400000|100%| O|  |TAMS 0x00000000c2300000| PB 0x00000000c2300000| Untracked |  0
|   4|0x00000000c2400000, 0x00000000c2500000, 0x00000000c2500000|100%| O|  |TAMS 0x00000000c2400000| PB 0x00000000c2400000| Untracked |  0
|   5|0x00000000c2500000, 0x00000000c2600000, 0x00000000c2600000|100%| O|  |TAMS 0x00000000c2500000| PB 0x00000000c2500000| Untracked |  0
|   6|0x00000000c2600000, 0x00000000c2700000, 0x00000000c2700000|100%| O|  |TAMS 0x00000000c2600000| PB 0x00000000c2600000| Untracked |  0
|   7|0x00000000c2700000, 0x00000000c2800000, 0x00000000c2800000|100%| O|  |TAMS 0x00000000c2700000| PB 0x00000000c2700000| Untracked |  0
|   8|0x00000000c2800000, 0x00000000c2900000, 0x00000000c2900000|100%| O|  |TAMS 0x00000000c2800000| PB 0x00000000c2800000| Untracked |  0
|   9|0x00000000c2900000, 0x00000000c2a00000, 0x00000000c2a00000|100%| O|  |TAMS 0x00000000c2900000| PB 0x00000000c2900000| Untracked |  0
|  10|0x00000000c2a00000, 0x00000000c2b00000, 0x00000000c2b00000|100%| O|  |TAMS 0x00000000c2a00000| PB 0x00000000c2a00000| Untracked |  0
|  11|0x00000000c2b00000, 0x00000000c2c00000, 0x00000000c2c00000|100%| O|  |TAMS 0x00000000c2b00000| PB 0x00000000c2b00000| Untracked |  0
|  12|0x00000000c2c00000, 0x00000000c2d00000, 0x00000000c2d00000|100%| O|  |TAMS 0x00000000c2c00000| PB 0x00000000c2c00000| Untracked |  0
|  13|0x00000000c2d00000, 0x00000000c2e00000, 0x00000000c2e00000|100%| O|  |TAMS 0x00000000c2d00000| PB 0x00000000c2d00000| Untracked |  0
|  14|0x00000000c2e00000, 0x00000000c2f00000, 0x00000000c2f00000|100%| O|  |TAMS 0x00000000c2e00000| PB 0x00000000c2e00000| Untracked |  0
|  15|0x00000000c2f00000, 0x00000000c3000000, 0x00000000c3000000|100%| O|  |TAMS 0x00000000c2f00000| PB 0x00000000c2f00000| Untracked |  0
|  16|0x00000000c3000000, 0x00000000c3100000, 0x00000000c3100000|100%| O|  |TAMS 0x00000000c3000000| PB 0x00000000c3000000| Untracked |  0
|  17|0x00000000c3100000, 0x00000000c3200000, 0x00000000c3200000|100%| O|  |TAMS 0x00000000c3100000| PB 0x00000000c3100000| Untracked |  0
|  18|0x00000000c3200000, 0x00000000c3300000, 0x00000000c3300000|100%| O|  |TAMS 0x00000000c3200000| PB 0x00000000c3200000| Untracked |  0
|  19|0x00000000c3300000, 0x00000000c3400000, 0x00000000c3400000|100%| O|  |TAMS 0x00000000c3300000| PB 0x00000000c3300000| Untracked |  0
|  20|0x00000000c3400000, 0x00000000c3500000, 0x00000000c3500000|100%| O|  |TAMS 0x00000000c3400000| PB 0x00000000c3400000| Untracked |  0
|  21|0x00000000c3500000, 0x00000000c3600000, 0x00000000c3600000|100%| O|  |TAMS 0x00000000c3500000| PB 0x00000000c3500000| Untracked |  0
|  22|0x00000000c3600000, 0x00000000c3700000, 0x00000000c3700000|100%| O|  |TAMS 0x00000000c3600000| PB 0x00000000c3600000| Untracked |  0
|  23|0x00000000c3700000, 0x00000000c3800000, 0x00000000c3800000|100%| O|  |TAMS 0x00000000c3700000| PB 0x00000000c3700000| Untracked |  0
|  24|0x00000000c3800000, 0x00000000c3900000, 0x00000000c3900000|100%| O|  |TAMS 0x00000000c3800000| PB 0x00000000c3800000| Untracked |  0
|  25|0x00000000c3900000, 0x00000000c3a00000, 0x00000000c3a00000|100%| O|  |TAMS 0x00000000c3900000| PB 0x00000000c3900000| Untracked |  0
|  26|0x00000000c3a00000, 0x00000000c3b00000, 0x00000000c3b00000|100%| O|  |TAMS 0x00000000c3a00000| PB 0x00000000c3a00000| Untracked |  0
|  27|0x00000000c3b00000, 0x00000000c3c00000, 0x00000000c3c00000|100%| O|  |TAMS 0x00000000c3b00000| PB 0x00000000c3b00000| Untracked |  0
|  28|0x00000000c3c00000, 0x00000000c3d00000, 0x00000000c3d00000|100%| O|Cm|TAMS 0x00000000c3c00000| PB 0x00000000c3c00000| Complete |  0
|  29|0x00000000c3d00000, 0x00000000c3e00000, 0x00000000c3e00000|100%| O|Cm|TAMS 0x00000000c3d00000| PB 0x00000000c3d00000| Complete |  0
|  30|0x00000000c3e00000, 0x00000000c3f00000, 0x00000000c3f00000|100%| O|  |TAMS 0x00000000c3e00000| PB 0x00000000c3e00000| Untracked |  0
|  31|0x00000000c3f00000, 0x00000000c4000000, 0x00000000c4000000|100%| O|  |TAMS 0x00000000c3f00000| PB 0x00000000c3f00000| Untracked |  0
|  32|0x00000000c4000000, 0x00000000c4100000, 0x00000000c4100000|100%| O|  |TAMS 0x00000000c4000000| PB 0x00000000c4000000| Untracked |  0
|  33|0x00000000c4100000, 0x00000000c4200000, 0x00000000c4200000|100%|HS|  |TAMS 0x00000000c4100000| PB 0x00000000c4100000| Complete |  0
|  34|0x00000000c4200000, 0x00000000c4300000, 0x00000000c4300000|100%| O|  |TAMS 0x00000000c4200000| PB 0x00000000c4200000| Untracked |  0
|  35|0x00000000c4300000, 0x00000000c4400000, 0x00000000c4400000|100%| O|  |TAMS 0x00000000c4300000| PB 0x00000000c4300000| Untracked |  0
|  36|0x00000000c4400000, 0x00000000c4500000, 0x00000000c4500000|100%| O|  |TAMS 0x00000000c4400000| PB 0x00000000c4400000| Untracked |  0
|  37|0x00000000c4500000, 0x00000000c4600000, 0x00000000c4600000|100%| O|  |TAMS 0x00000000c4500000| PB 0x00000000c4500000| Untracked |  0
|  38|0x00000000c4600000, 0x00000000c4700000, 0x00000000c4700000|100%| O|  |TAMS 0x00000000c4600000| PB 0x00000000c4600000| Untracked |  0
|  39|0x00000000c4700000, 0x00000000c4800000, 0x00000000c4800000|100%|HS|  |TAMS 0x00000000c4700000| PB 0x00000000c4700000| Complete |  0
|  40|0x00000000c4800000, 0x00000000c4900000, 0x00000000c4900000|100%|HC|  |TAMS 0x00000000c4800000| PB 0x00000000c4800000| Complete |  0
|  41|0x00000000c4900000, 0x00000000c4a00000, 0x00000000c4a00000|100%|HC|  |TAMS 0x00000000c4900000| PB 0x00000000c4900000| Complete |  0
|  42|0x00000000c4a00000, 0x00000000c4b00000, 0x00000000c4b00000|100%| O|  |TAMS 0x00000000c4a00000| PB 0x00000000c4a00000| Untracked |  0
|  43|0x00000000c4b00000, 0x00000000c4c00000, 0x00000000c4c00000|100%| O|  |TAMS 0x00000000c4b00000| PB 0x00000000c4b00000| Untracked |  0
|  44|0x00000000c4c00000, 0x00000000c4d00000, 0x00000000c4d00000|100%| O|  |TAMS 0x00000000c4c00000| PB 0x00000000c4c00000| Untracked |  0
|  45|0x00000000c4d00000, 0x00000000c4e00000, 0x00000000c4e00000|100%| O|  |TAMS 0x00000000c4d00000| PB 0x00000000c4d00000| Untracked |  0
|  46|0x00000000c4e00000, 0x00000000c4f00000, 0x00000000c4f00000|100%| O|  |TAMS 0x00000000c4e00000| PB 0x00000000c4e00000| Untracked |  0
|  47|0x00000000c4f00000, 0x00000000c5000000, 0x00000000c5000000|100%| O|  |TAMS 0x00000000c4f00000| PB 0x00000000c4f00000| Untracked |  0
|  48|0x00000000c5000000, 0x00000000c5100000, 0x00000000c5100000|100%| O|  |TAMS 0x00000000c5000000| PB 0x00000000c5000000| Untracked |  0
|  49|0x00000000c5100000, 0x00000000c5200000, 0x00000000c5200000|100%| O|  |TAMS 0x00000000c5100000| PB 0x00000000c5100000| Untracked |  0
|  50|0x00000000c5200000, 0x00000000c5300000, 0x00000000c5300000|100%| O|  |TAMS 0x00000000c5200000| PB 0x00000000c5200000| Untracked |  0
|  51|0x00000000c5300000, 0x00000000c5400000, 0x00000000c5400000|100%| O|  |TAMS 0x00000000c5300000| PB 0x00000000c5300000| Untracked |  0
|  52|0x00000000c5400000, 0x00000000c5500000, 0x00000000c5500000|100%| O|  |TAMS 0x00000000c5400000| PB 0x00000000c5400000| Untracked |  0
|  53|0x00000000c5500000, 0x00000000c5600000, 0x00000000c5600000|100%| O|  |TAMS 0x00000000c5500000| PB 0x00000000c5500000| Untracked |  0
|  54|0x00000000c5600000, 0x00000000c5700000, 0x00000000c5700000|100%| O|  |TAMS 0x00000000c5600000| PB 0x00000000c5600000| Untracked |  0
|  55|0x00000000c5700000, 0x00000000c5800000, 0x00000000c5800000|100%| O|  |TAMS 0x00000000c5700000| PB 0x00000000c5700000| Untracked |  0
|  56|0x00000000c5800000, 0x00000000c5900000, 0x00000000c5900000|100%| O|  |TAMS 0x00000000c5800000| PB 0x00000000c5800000| Untracked |  0
|  57|0x00000000c5900000, 0x00000000c5a00000, 0x00000000c5a00000|100%| O|  |TAMS 0x00000000c5900000| PB 0x00000000c5900000| Untracked |  0
|  58|0x00000000c5a00000, 0x00000000c5b00000, 0x00000000c5b00000|100%| O|  |TAMS 0x00000000c5a00000| PB 0x00000000c5a00000| Untracked |  0
|  59|0x00000000c5b00000, 0x00000000c5c00000, 0x00000000c5c00000|100%| O|  |TAMS 0x00000000c5b00000| PB 0x00000000c5b00000| Untracked |  0
|  60|0x00000000c5c00000, 0x00000000c5d00000, 0x00000000c5d00000|100%| O|  |TAMS 0x00000000c5c00000| PB 0x00000000c5c00000| Untracked |  0
|  61|0x00000000c5d00000, 0x00000000c5e00000, 0x00000000c5e00000|100%| O|  |TAMS 0x00000000c5d00000| PB 0x00000000c5d00000| Untracked |  0
|  62|0x00000000c5e00000, 0x00000000c5f00000, 0x00000000c5f00000|100%| O|  |TAMS 0x00000000c5e00000| PB 0x00000000c5e00000| Untracked |  0
|  63|0x00000000c5f00000, 0x00000000c6000000, 0x00000000c6000000|100%| O|  |TAMS 0x00000000c5f00000| PB 0x00000000c5f00000| Untracked |  0
|  64|0x00000000c6000000, 0x00000000c6100000, 0x00000000c6100000|100%| O|  |TAMS 0x00000000c6000000| PB 0x00000000c6000000| Untracked |  0
|  65|0x00000000c6100000, 0x00000000c6200000, 0x00000000c6200000|100%| O|  |TAMS 0x00000000c6100000| PB 0x00000000c6100000| Untracked |  0
|  66|0x00000000c6200000, 0x00000000c6300000, 0x00000000c6300000|100%| O|  |TAMS 0x00000000c6200000| PB 0x00000000c6200000| Untracked |  0
|  67|0x00000000c6300000, 0x00000000c6400000, 0x00000000c6400000|100%| O|  |TAMS 0x00000000c6300000| PB 0x00000000c6300000| Untracked |  0
|  68|0x00000000c6400000, 0x00000000c6500000, 0x00000000c6500000|100%| O|  |TAMS 0x00000000c6400000| PB 0x00000000c6400000| Untracked |  0
|  69|0x00000000c6500000, 0x00000000c6600000, 0x00000000c6600000|100%| O|  |TAMS 0x00000000c6500000| PB 0x00000000c6500000| Untracked |  0
|  70|0x00000000c6600000, 0x00000000c6700000, 0x00000000c6700000|100%| O|  |TAMS 0x00000000c6600000| PB 0x00000000c6600000| Untracked |  0
|  71|0x00000000c6700000, 0x00000000c6800000, 0x00000000c6800000|100%| O|  |TAMS 0x00000000c6700000| PB 0x00000000c6700000| Untracked |  0
|  72|0x00000000c6800000, 0x00000000c6900000, 0x00000000c6900000|100%| O|  |TAMS 0x00000000c6800000| PB 0x00000000c6800000| Untracked |  0
|  73|0x00000000c6900000, 0x00000000c6a00000, 0x00000000c6a00000|100%| O|  |TAMS 0x00000000c6900000| PB 0x00000000c6900000| Untracked |  0
|  74|0x00000000c6a00000, 0x00000000c6b00000, 0x00000000c6b00000|100%| O|  |TAMS 0x00000000c6a00000| PB 0x00000000c6a00000| Untracked |  0
|  75|0x00000000c6b00000, 0x00000000c6c00000, 0x00000000c6c00000|100%| O|  |TAMS 0x00000000c6b00000| PB 0x00000000c6b00000| Untracked |  0
|  76|0x00000000c6c00000, 0x00000000c6d00000, 0x00000000c6d00000|100%|HS|  |TAMS 0x00000000c6c00000| PB 0x00000000c6c00000| Complete |  0
|  77|0x00000000c6d00000, 0x00000000c6e00000, 0x00000000c6e00000|100%| O|  |TAMS 0x00000000c6d00000| PB 0x00000000c6d00000| Untracked |  0
|  78|0x00000000c6e00000, 0x00000000c6f00000, 0x00000000c6f00000|100%| O|  |TAMS 0x00000000c6e00000| PB 0x00000000c6e00000| Untracked |  0
|  79|0x00000000c6f00000, 0x00000000c7000000, 0x00000000c7000000|100%| O|  |TAMS 0x00000000c6f00000| PB 0x00000000c6f00000| Untracked |  0
|  80|0x00000000c7000000, 0x00000000c7100000, 0x00000000c7100000|100%| O|  |TAMS 0x00000000c7000000| PB 0x00000000c7000000| Untracked |  0
|  81|0x00000000c7100000, 0x00000000c7200000, 0x00000000c7200000|100%| O|  |TAMS 0x00000000c7100000| PB 0x00000000c7100000| Untracked |  0
|  82|0x00000000c7200000, 0x00000000c7300000, 0x00000000c7300000|100%| O|  |TAMS 0x00000000c7200000| PB 0x00000000c7200000| Untracked |  0
|  83|0x00000000c7300000, 0x00000000c7400000, 0x00000000c7400000|100%| O|  |TAMS 0x00000000c7300000| PB 0x00000000c7300000| Untracked |  0
|  84|0x00000000c7400000, 0x00000000c7500000, 0x00000000c7500000|100%| O|  |TAMS 0x00000000c7400000| PB 0x00000000c7400000| Untracked |  0
|  85|0x00000000c7500000, 0x00000000c7600000, 0x00000000c7600000|100%| O|  |TAMS 0x00000000c7500000| PB 0x00000000c7500000| Untracked |  0
|  86|0x00000000c7600000, 0x00000000c7700000, 0x00000000c7700000|100%| O|  |TAMS 0x00000000c7600000| PB 0x00000000c7600000| Untracked |  0
|  87|0x00000000c7700000, 0x00000000c7800000, 0x00000000c7800000|100%| O|  |TAMS 0x00000000c7700000| PB 0x00000000c7700000| Untracked |  0
|  88|0x00000000c7800000, 0x00000000c7900000, 0x00000000c7900000|100%| O|  |TAMS 0x00000000c7800000| PB 0x00000000c7800000| Untracked |  0
|  89|0x00000000c7900000, 0x00000000c7a00000, 0x00000000c7a00000|100%| O|  |TAMS 0x00000000c7900000| PB 0x00000000c7900000| Untracked |  0
|  90|0x00000000c7a00000, 0x00000000c7a69458, 0x00000000c7b00000| 41%| O|  |TAMS 0x00000000c7a00000| PB 0x00000000c7a00000| Untracked |  0
|  91|0x00000000c7b00000, 0x00000000c7b00000, 0x00000000c7c00000|  0%| F|  |TAMS 0x00000000c7b00000| PB 0x00000000c7b00000| Untracked |  0
|  92|0x00000000c7c00000, 0x00000000c7c00000, 0x00000000c7d00000|  0%| F|  |TAMS 0x00000000c7c00000| PB 0x00000000c7c00000| Untracked |  0
|  93|0x00000000c7d00000, 0x00000000c7d00000, 0x00000000c7e00000|  0%| F|  |TAMS 0x00000000c7d00000| PB 0x00000000c7d00000| Untracked |  0
|  94|0x00000000c7e00000, 0x00000000c7e00000, 0x00000000c7f00000|  0%| F|  |TAMS 0x00000000c7e00000| PB 0x00000000c7e00000| Untracked |  0
|  95|0x00000000c7f00000, 0x00000000c7f00000, 0x00000000c8000000|  0%| F|  |TAMS 0x00000000c7f00000| PB 0x00000000c7f00000| Untracked |  0
|  96|0x00000000c8000000, 0x00000000c8000000, 0x00000000c8100000|  0%| F|  |TAMS 0x00000000c8000000| PB 0x00000000c8000000| Untracked |  0
|  97|0x00000000c8100000, 0x00000000c8100000, 0x00000000c8200000|  0%| F|  |TAMS 0x00000000c8100000| PB 0x00000000c8100000| Untracked |  0
|  98|0x00000000c8200000, 0x00000000c8200000, 0x00000000c8300000|  0%| F|  |TAMS 0x00000000c8200000| PB 0x00000000c8200000| Untracked |  0
|  99|0x00000000c8300000, 0x00000000c8300000, 0x00000000c8400000|  0%| F|  |TAMS 0x00000000c8300000| PB 0x00000000c8300000| Untracked |  0
| 100|0x00000000c8400000, 0x00000000c8400000, 0x00000000c8500000|  0%| F|  |TAMS 0x00000000c8400000| PB 0x00000000c8400000| Untracked |  0
| 101|0x00000000c8500000, 0x00000000c8500000, 0x00000000c8600000|  0%| F|  |TAMS 0x00000000c8500000| PB 0x00000000c8500000| Untracked |  0
| 102|0x00000000c8600000, 0x00000000c8600000, 0x00000000c8700000|  0%| F|  |TAMS 0x00000000c8600000| PB 0x00000000c8600000| Untracked |  0
| 103|0x00000000c8700000, 0x00000000c8700000, 0x00000000c8800000|  0%| F|  |TAMS 0x00000000c8700000| PB 0x00000000c8700000| Untracked |  0
| 104|0x00000000c8800000, 0x00000000c8800000, 0x00000000c8900000|  0%| F|  |TAMS 0x00000000c8800000| PB 0x00000000c8800000| Untracked |  0
| 105|0x00000000c8900000, 0x00000000c8a00000, 0x00000000c8a00000|100%| S|CS|TAMS 0x00000000c8900000| PB 0x00000000c8900000| Complete |  0
| 106|0x00000000c8a00000, 0x00000000c8b00000, 0x00000000c8b00000|100%| S|CS|TAMS 0x00000000c8a00000| PB 0x00000000c8a00000| Complete |  0
| 107|0x00000000c8b00000, 0x00000000c8c00000, 0x00000000c8c00000|100%| S|CS|TAMS 0x00000000c8b00000| PB 0x00000000c8b00000| Complete |  0
| 108|0x00000000c8c00000, 0x00000000c8d00000, 0x00000000c8d00000|100%| S|CS|TAMS 0x00000000c8c00000| PB 0x00000000c8c00000| Complete |  0
| 109|0x00000000c8d00000, 0x00000000c8e00000, 0x00000000c8e00000|100%| S|CS|TAMS 0x00000000c8d00000| PB 0x00000000c8d00000| Complete |  0
| 110|0x00000000c8e00000, 0x00000000c8e00000, 0x00000000c8f00000|  0%| F|  |TAMS 0x00000000c8e00000| PB 0x00000000c8e00000| Untracked |  0
| 111|0x00000000c8f00000, 0x00000000c8f00000, 0x00000000c9000000|  0%| F|  |TAMS 0x00000000c8f00000| PB 0x00000000c8f00000| Untracked |  0
| 112|0x00000000c9000000, 0x00000000c9000000, 0x00000000c9100000|  0%| F|  |TAMS 0x00000000c9000000| PB 0x00000000c9000000| Untracked |  0
| 113|0x00000000c9100000, 0x00000000c9100000, 0x00000000c9200000|  0%| F|  |TAMS 0x00000000c9100000| PB 0x00000000c9100000| Untracked |  0
| 114|0x00000000c9200000, 0x00000000c9200000, 0x00000000c9300000|  0%| F|  |TAMS 0x00000000c9200000| PB 0x00000000c9200000| Untracked |  0
| 115|0x00000000c9300000, 0x00000000c9300000, 0x00000000c9400000|  0%| F|  |TAMS 0x00000000c9300000| PB 0x00000000c9300000| Untracked |  0
| 116|0x00000000c9400000, 0x00000000c9420020, 0x00000000c9500000| 12%| E|  |TAMS 0x00000000c9400000| PB 0x00000000c9400000| Complete |  0
| 117|0x00000000c9500000, 0x00000000c9600000, 0x00000000c9600000|100%| E|CS|TAMS 0x00000000c9500000| PB 0x00000000c9500000| Complete |  0
| 118|0x00000000c9600000, 0x00000000c9700000, 0x00000000c9700000|100%| E|CS|TAMS 0x00000000c9600000| PB 0x00000000c9600000| Complete |  0
| 119|0x00000000c9700000, 0x00000000c9800000, 0x00000000c9800000|100%| E|CS|TAMS 0x00000000c9700000| PB 0x00000000c9700000| Complete |  0
| 120|0x00000000c9800000, 0x00000000c9900000, 0x00000000c9900000|100%| E|CS|TAMS 0x00000000c9800000| PB 0x00000000c9800000| Complete |  0
| 121|0x00000000c9900000, 0x00000000c9a00000, 0x00000000c9a00000|100%| E|CS|TAMS 0x00000000c9900000| PB 0x00000000c9900000| Complete |  0
| 122|0x00000000c9a00000, 0x00000000c9b00000, 0x00000000c9b00000|100%| E|CS|TAMS 0x00000000c9a00000| PB 0x00000000c9a00000| Complete |  0
| 123|0x00000000c9b00000, 0x00000000c9c00000, 0x00000000c9c00000|100%| E|CS|TAMS 0x00000000c9b00000| PB 0x00000000c9b00000| Complete |  0
| 124|0x00000000c9c00000, 0x00000000c9d00000, 0x00000000c9d00000|100%| E|CS|TAMS 0x00000000c9c00000| PB 0x00000000c9c00000| Complete |  0
| 125|0x00000000c9d00000, 0x00000000c9e00000, 0x00000000c9e00000|100%| E|CS|TAMS 0x00000000c9d00000| PB 0x00000000c9d00000| Complete |  0
| 126|0x00000000c9e00000, 0x00000000c9f00000, 0x00000000c9f00000|100%| E|CS|TAMS 0x00000000c9e00000| PB 0x00000000c9e00000| Complete |  0
| 127|0x00000000c9f00000, 0x00000000ca000000, 0x00000000ca000000|100%| E|CS|TAMS 0x00000000c9f00000| PB 0x00000000c9f00000| Complete |  0
| 128|0x00000000ca000000, 0x00000000ca100000, 0x00000000ca100000|100%| E|CS|TAMS 0x00000000ca000000| PB 0x00000000ca000000| Complete |  0
| 129|0x00000000ca100000, 0x00000000ca200000, 0x00000000ca200000|100%| E|CS|TAMS 0x00000000ca100000| PB 0x00000000ca100000| Complete |  0
| 130|0x00000000ca200000, 0x00000000ca300000, 0x00000000ca300000|100%| E|CS|TAMS 0x00000000ca200000| PB 0x00000000ca200000| Complete |  0
| 131|0x00000000ca300000, 0x00000000ca400000, 0x00000000ca400000|100%| E|CS|TAMS 0x00000000ca300000| PB 0x00000000ca300000| Complete |  0
| 132|0x00000000ca400000, 0x00000000ca500000, 0x00000000ca500000|100%| E|CS|TAMS 0x00000000ca400000| PB 0x00000000ca400000| Complete |  0
| 133|0x00000000ca500000, 0x00000000ca600000, 0x00000000ca600000|100%| E|CS|TAMS 0x00000000ca500000| PB 0x00000000ca500000| Complete |  0
| 134|0x00000000ca600000, 0x00000000ca700000, 0x00000000ca700000|100%| E|CS|TAMS 0x00000000ca600000| PB 0x00000000ca600000| Complete |  0
| 135|0x00000000ca700000, 0x00000000ca800000, 0x00000000ca800000|100%| E|CS|TAMS 0x00000000ca700000| PB 0x00000000ca700000| Complete |  0
| 136|0x00000000ca800000, 0x00000000ca900000, 0x00000000ca900000|100%| E|CS|TAMS 0x00000000ca800000| PB 0x00000000ca800000| Complete |  0
| 137|0x00000000ca900000, 0x00000000caa00000, 0x00000000caa00000|100%| E|CS|TAMS 0x00000000ca900000| PB 0x00000000ca900000| Complete |  0
| 138|0x00000000caa00000, 0x00000000cab00000, 0x00000000cab00000|100%| E|CS|TAMS 0x00000000caa00000| PB 0x00000000caa00000| Complete |  0
| 139|0x00000000cab00000, 0x00000000cac00000, 0x00000000cac00000|100%| E|CS|TAMS 0x00000000cab00000| PB 0x00000000cab00000| Complete |  0
| 140|0x00000000cac00000, 0x00000000cad00000, 0x00000000cad00000|100%| E|CS|TAMS 0x00000000cac00000| PB 0x00000000cac00000| Complete |  0
| 141|0x00000000cad00000, 0x00000000cae00000, 0x00000000cae00000|100%| E|CS|TAMS 0x00000000cad00000| PB 0x00000000cad00000| Complete |  0
| 142|0x00000000cae00000, 0x00000000caf00000, 0x00000000caf00000|100%| E|CS|TAMS 0x00000000cae00000| PB 0x00000000cae00000| Complete |  0
| 988|0x00000000ffc00000, 0x00000000ffd00000, 0x00000000ffd00000|100%| O|  |TAMS 0x00000000ffc00000| PB 0x00000000ffc00000| Untracked |  0
| 989|0x00000000ffd00000, 0x00000000ffe00000, 0x00000000ffe00000|100%| O|  |TAMS 0x00000000ffd00000| PB 0x00000000ffd00000| Untracked |  0
| 990|0x00000000ffe00000, 0x00000000fff00000, 0x00000000fff00000|100%| O|  |TAMS 0x00000000ffe00000| PB 0x00000000ffe00000| Untracked |  0
| 991|0x00000000fff00000, 0x0000000100000000, 0x0000000100000000|100%| E|CS|TAMS 0x00000000fff00000| PB 0x00000000fff00000| Complete |  0

Card table byte_map: [0x000001b057360000,0x000001b057550000] _byte_map_base: 0x000001b056d50000

Marking Bits: (CMBitMap*) 0x000001b03d798970
 Bits: [0x000001b057550000, 0x000001b0584d0000)

Polling page: 0x000001b03d5c0000

Metaspace:
Metaspace        used 97787K, committed 98304K, reserved 1179648K
 class space     used 9368K, committed 9600K, reserved 1048576K

Usage:
  Non-class:     86.35 MB used.
      Class:      9.15 MB used.
       Both:     95.50 MB used.

Virtual space:
  Non-class space:      128.00 MB reserved,      86.62 MB ( 68%) committed,  2 nodes.
      Class space:        1.00 GB reserved,       9.38 MB ( <1%) committed,  1 nodes.
             Both:        1.12 GB reserved,      96.00 MB (  8%) committed. 

Chunk freelists:
   Non-Class:  9.25 MB
       Class:  6.48 MB
        Both:  15.73 MB

MaxMetaspaceSize: unlimited
CompressedClassSpaceSize: 1.00 GB
Initial GC threshold: 21.00 MB
Current GC threshold: 155.25 MB
CDS: on
 - commit_granule_bytes: 65536.
 - commit_granule_words: 8192.
 - virtual_space_node_default_size: 8388608.
 - enlarge_chunks_in_place: 1.
UseCompressedClassPointers 1, UseCompactObjectHeaders 0
Narrow klass pointer bits 32, Max shift 3
Narrow klass base: 0x0000000016000000, Narrow klass shift: 0
Encoding Range: [0x0000000016000000 - 0x0000000116000000), (4294967296 bytes)
Klass Range:    [0x0000000016010000 - 0x0000000057000000), (1090453504 bytes)
Klass ID Range:  [65536 - 1090519033) (1090453497)
Protection zone: [0x0000000016000000 - 0x0000000016010000), (65536 bytes)


Internal statistics:

num_allocs_failed_limit: 6.
num_arena_births: 558.
num_arena_deaths: 0.
num_vsnodes_births: 3.
num_vsnodes_deaths: 0.
num_space_committed: 1536.
num_space_uncommitted: 0.
num_chunks_returned_to_freelist: 6.
num_chunks_taken_from_freelist: 3740.
num_chunk_merges: 0.
num_chunk_splits: 3024.
num_chunks_enlarged: 2718.
num_inconsistent_stats: 0.

CodeHeap 'non-profiled nmethods': size=120064Kb used=3914Kb max_used=3914Kb free=116149Kb
 bounds [0x000001b04f610000, 0x000001b04f9f0000, 0x000001b056b50000]
CodeHeap 'profiled nmethods': size=120000Kb used=19842Kb max_used=19842Kb free=100157Kb
 bounds [0x000001b047b50000, 0x000001b048ec0000, 0x000001b04f080000]
CodeHeap 'non-nmethods': size=5696Kb used=1875Kb max_used=1906Kb free=3820Kb
 bounds [0x000001b04f080000, 0x000001b04f2f0000, 0x000001b04f610000]
CodeCache: size=245760Kb, used=25631Kb, max_used=25662Kb, free=220126Kb
 total_blobs=11871, nmethods=10888, adapters=887, full_count=0
Compilation: enabled, stopped_count=0, restarted_count=0

Compilation events (20 events):
Event: 75.482 Thread 0x000001b05aa0a9e0 nmethod 13529 0x000001b04f9e1688 code [0x000001b04f9e1780, 0x000001b04f9e1828]
Event: 75.482 Thread 0x000001b05aa0a9e0 13530       3       java.util.concurrent.ConcurrentLinkedQueue$Itr::hasNext (13 bytes)
Event: 75.482 Thread 0x000001b05aa0a9e0 nmethod 13530 0x000001b048eafa08 code [0x000001b048eafb00, 0x000001b048eafc58]
Event: 75.490 Thread 0x000001b05aa0a9e0 13531       1       org.apache.maven.surefire.api.stream.AbstractStreamDecoder$Memento::getByteBuffer (5 bytes)
Event: 75.491 Thread 0x000001b05aa0a9e0 nmethod 13531 0x000001b04f9e1988 code [0x000001b04f9e1a80, 0x000001b04f9e1b48]
Event: 75.864 Thread 0x000001b05aa0a9e0 13532       1       org.apache.maven.plugin.surefire.booterclient.ForkStarter::access$300 (5 bytes)
Event: 75.864 Thread 0x000001b05aa0a9e0 nmethod 13532 0x000001b04f9e1c88 code [0x000001b04f9e1d80, 0x000001b04f9e1e28]
Event: 77.732 Thread 0x000001b05aa0a9e0 13533       3       java.util.concurrent.ScheduledThreadPoolExecutor$ScheduledFutureTask::getDelay (16 bytes)
Event: 77.732 Thread 0x000001b05aa0a9e0 nmethod 13533 0x000001b048eafd08 code [0x000001b048eafe00, 0x000001b048eb0010]
Event: 81.503 Thread 0x000001b05aa0a9e0 13534   !   3       java.util.concurrent.locks.LockSupport::parkNanos (61 bytes)
Event: 81.504 Thread 0x000001b05aa0a9e0 nmethod 13534 0x000001b048eb0088 code [0x000001b048eb0180, 0x000001b048eb06b0]
Event: 84.586 Thread 0x000001b05aa0a9e0 13535       3       java.util.concurrent.ScheduledThreadPoolExecutor$ScheduledFutureTask::isPeriodic (15 bytes)
Event: 84.587 Thread 0x000001b05aa0a9e0 nmethod 13535 0x000001b048eb0708 code [0x000001b048eb0800, 0x000001b048eb0958]
Event: 84.933 Thread 0x000001b05aa0a9e0 13536       1       org.apache.maven.surefire.api.stream.AbstractStreamDecoder$Memento::access$000 (5 bytes)
Event: 84.933 Thread 0x000001b05aa0a9e0 nmethod 13536 0x000001b04f9e1f88 code [0x000001b04f9e2080, 0x000001b04f9e2128]
Event: 85.040 Thread 0x000001b05aa0a9e0 13537       1       org.apache.maven.surefire.api.util.internal.AbstractNoninterruptibleReadableChannel::isOpen (5 bytes)
Event: 85.040 Thread 0x000001b05aa0a9e0 nmethod 13537 0x000001b04f9e2288 code [0x000001b04f9e2380, 0x000001b04f9e2448]
Event: 85.301 Thread 0x000001b05aa08e90 13538       4       jdk.internal.misc.Unsafe::putReferenceOpaque (9 bytes)
Event: 85.302 Thread 0x000001b05aa08e90 nmethod 13538 0x000001b04f9e2588 code [0x000001b04f9e2680, 0x000001b04f9e27f0]
Event: 85.855 Thread 0x000001b05aa08e90 13539       4       org.fusesource.jansi.io.AnsiOutputStream::write (898 bytes)

GC Heap Usage History (20 events):
Event: 50.685 {heap Before GC invocations=28 (full 0):
 garbage-first heap   total reserved 1015808K, committed 90112K, used 80108K [0x00000000c2000000, 0x0000000100000000)
  region size 1024K, 30 young (30720K), 4 survivors (4096K)
}
Event: 50.713 {heap After GC invocations=29 (full 0):
 garbage-first heap   total reserved 1015808K, committed 90112K, used 53036K [0x00000000c2000000, 0x0000000100000000)
  region size 1024K, 1 young (1024K), 1 survivors (1024K)
}
Event: 51.715 {heap Before GC invocations=29 (full 0):
 garbage-first heap   total reserved 1015808K, committed 90112K, used 80684K [0x00000000c2000000, 0x0000000100000000)
  region size 1024K, 28 young (28672K), 1 survivors (1024K)
}
Event: 51.728 {heap After GC invocations=30 (full 0):
 garbage-first heap   total reserved 1015808K, committed 90112K, used 55409K [0x00000000c2000000, 0x0000000100000000)
  region size 1024K, 4 young (4096K), 4 survivors (4096K)
}
Event: 52.589 {heap Before GC invocations=31 (full 0):
 garbage-first heap   total reserved 1015808K, committed 94208K, used 79985K [0x00000000c2000000, 0x0000000100000000)
  region size 1024K, 29 young (29696K), 4 survivors (4096K)
}
Event: 52.610 {heap After GC invocations=32 (full 0):
 garbage-first heap   total reserved 1015808K, committed 94208K, used 56862K [0x00000000c2000000, 0x0000000100000000)
  region size 1024K, 2 young (2048K), 2 survivors (2048K)
}
Event: 53.516 {heap Before GC invocations=32 (full 0):
 garbage-first heap   total reserved 1015808K, committed 94208K, used 84510K [0x00000000c2000000, 0x0000000100000000)
  region size 1024K, 30 young (30720K), 2 survivors (2048K)
}
Event: 53.537 {heap After GC invocations=33 (full 0):
 garbage-first heap   total reserved 1015808K, committed 113664K, used 57134K [0x00000000c2000000, 0x0000000100000000)
  region size 1024K, 3 young (3072K), 3 survivors (3072K)
}
Event: 54.605 {heap Before GC invocations=33 (full 0):
 garbage-first heap   total reserved 1015808K, committed 113664K, used 101166K [0x00000000c2000000, 0x0000000100000000)
  region size 1024K, 46 young (47104K), 3 survivors (3072K)
}
Event: 54.644 {heap After GC invocations=34 (full 0):
 garbage-first heap   total reserved 1015808K, committed 113664K, used 65465K [0x00000000c2000000, 0x0000000100000000)
  region size 1024K, 6 young (6144K), 6 survivors (6144K)
}
Event: 55.996 {heap Before GC invocations=34 (full 0):
 garbage-first heap   total reserved 1015808K, committed 113664K, used 101305K [0x00000000c2000000, 0x0000000100000000)
  region size 1024K, 41 young (41984K), 6 survivors (6144K)
}
Event: 56.030 {heap After GC invocations=35 (full 0):
 garbage-first heap   total reserved 1015808K, committed 114688K, used 72192K [0x00000000c2000000, 0x0000000100000000)
  region size 1024K, 6 young (6144K), 6 survivors (6144K)
}
Event: 57.093 {heap Before GC invocations=36 (full 0):
 garbage-first heap   total reserved 1015808K, committed 121856K, used 101888K [0x00000000c2000000, 0x0000000100000000)
  region size 1024K, 35 young (35840K), 6 survivors (6144K)
}
Event: 57.113 {heap After GC invocations=37 (full 0):
 garbage-first heap   total reserved 1015808K, committed 121856K, used 74240K [0x00000000c2000000, 0x0000000100000000)
  region size 1024K, 2 young (2048K), 2 survivors (2048K)
}
Event: 58.675 {heap Before GC invocations=37 (full 0):
 garbage-first heap   total reserved 1015808K, committed 121856K, used 109056K [0x00000000c2000000, 0x0000000100000000)
  region size 1024K, 36 young (36864K), 2 survivors (2048K)
}
Event: 58.717 {heap After GC invocations=38 (full 0):
 garbage-first heap   total reserved 1015808K, committed 122880K, used 83968K [0x00000000c2000000, 0x0000000100000000)
  region size 1024K, 5 young (5120K), 5 survivors (5120K)
}
Event: 59.080 {heap Before GC invocations=38 (full 0):
 garbage-first heap   total reserved 1015808K, committed 122880K, used 99328K [0x00000000c2000000, 0x0000000100000000)
  region size 1024K, 21 young (21504K), 5 survivors (5120K)
}
Event: 59.111 {heap After GC invocations=39 (full 0):
 garbage-first heap   total reserved 1015808K, committed 147456K, used 89088K [0x00000000c2000000, 0x0000000100000000)
  region size 1024K, 4 young (4096K), 4 survivors (4096K)
}
Event: 59.973 {heap Before GC invocations=40 (full 0):
 garbage-first heap   total reserved 1015808K, committed 150528K, used 124928K [0x00000000c2000000, 0x0000000100000000)
  region size 1024K, 38 young (38912K), 4 survivors (4096K)
}
Event: 60.005 {heap After GC invocations=41 (full 0):
 garbage-first heap   total reserved 1015808K, committed 150528K, used 100773K [0x00000000c2000000, 0x0000000100000000)
  region size 1024K, 5 young (5120K), 5 survivors (5120K)
}

Metaspace Usage History (20 events):
Event: 50.685 {metaspace Before GC invocations=28 (full 0):
 Metaspace       used 65430K, committed 65856K, reserved 1114112K
  class space    used 6363K, committed 6528K, reserved 1048576K
}
Event: 50.713 {metaspace After GC invocations=29 (full 0):
 Metaspace       used 65430K, committed 65856K, reserved 1114112K
  class space    used 6363K, committed 6528K, reserved 1048576K
}
Event: 51.715 {metaspace Before GC invocations=29 (full 0):
 Metaspace       used 69774K, committed 70272K, reserved 1114112K
  class space    used 6805K, committed 6976K, reserved 1048576K
}
Event: 51.728 {metaspace After GC invocations=30 (full 0):
 Metaspace       used 69774K, committed 70272K, reserved 1114112K
  class space    used 6805K, committed 6976K, reserved 1048576K
}
Event: 52.589 {metaspace Before GC invocations=31 (full 0):
 Metaspace       used 74181K, committed 74752K, reserved 1179648K
  class space    used 7286K, committed 7552K, reserved 1048576K
}
Event: 52.610 {metaspace After GC invocations=32 (full 0):
 Metaspace       used 74181K, committed 74752K, reserved 1179648K
  class space    used 7286K, committed 7552K, reserved 1048576K
}
Event: 53.516 {metaspace Before GC invocations=32 (full 0):
 Metaspace       used 79148K, committed 79680K, reserved 1179648K
  class space    used 7752K, committed 8000K, reserved 1048576K
}
Event: 53.537 {metaspace After GC invocations=33 (full 0):
 Metaspace       used 79148K, committed 79680K, reserved 1179648K
  class space    used 7752K, committed 8000K, reserved 1048576K
}
Event: 54.605 {metaspace Before GC invocations=33 (full 0):
 Metaspace       used 84126K, committed 84672K, reserved 1179648K
  class space    used 8139K, committed 8384K, reserved 1048576K
}
Event: 54.644 {metaspace After GC invocations=34 (full 0):
 Metaspace       used 84126K, committed 84672K, reserved 1179648K
  class space    used 8139K, committed 8384K, reserved 1048576K
}
Event: 55.996 {metaspace Before GC invocations=34 (full 0):
 Metaspace       used 87623K, committed 88192K, reserved 1179648K
  class space    used 8478K, committed 8704K, reserved 1048576K
}
Event: 56.030 {metaspace After GC invocations=35 (full 0):
 Metaspace       used 87623K, committed 88192K, reserved 1179648K
  class space    used 8478K, committed 8704K, reserved 1048576K
}
Event: 57.093 {metaspace Before GC invocations=36 (full 0):
 Metaspace       used 93400K, committed 94016K, reserved 1179648K
  class space    used 9025K, committed 9280K, reserved 1048576K
}
Event: 57.113 {metaspace After GC invocations=37 (full 0):
 Metaspace       used 93400K, committed 94016K, reserved 1179648K
  class space    used 9025K, committed 9280K, reserved 1048576K
}
Event: 58.675 {metaspace Before GC invocations=37 (full 0):
 Metaspace       used 94406K, committed 94912K, reserved 1179648K
  class space    used 9100K, committed 9344K, reserved 1048576K
}
Event: 58.717 {metaspace After GC invocations=38 (full 0):
 Metaspace       used 94406K, committed 94912K, reserved 1179648K
  class space    used 9100K, committed 9344K, reserved 1048576K
}
Event: 59.080 {metaspace Before GC invocations=38 (full 0):
 Metaspace       used 94670K, committed 95168K, reserved 1179648K
  class space    used 9112K, committed 9344K, reserved 1048576K
}
Event: 59.111 {metaspace After GC invocations=39 (full 0):
 Metaspace       used 94670K, committed 95168K, reserved 1179648K
  class space    used 9112K, committed 9344K, reserved 1048576K
}
Event: 59.973 {metaspace Before GC invocations=40 (full 0):
 Metaspace       used 94916K, committed 95488K, reserved 1179648K
  class space    used 9114K, committed 9344K, reserved 1048576K
}
Event: 60.005 {metaspace After GC invocations=41 (full 0):
 Metaspace       used 94916K, committed 95488K, reserved 1179648K
  class space    used 9114K, committed 9344K, reserved 1048576K
}

Dll operation events (11 events):
Event: 0.023 Loaded shared library C:\Program Files\Eclipse Adoptium\jdk-25.0.0.36-hotspot\bin\java.dll
Event: 0.134 Loaded shared library C:\Program Files\Eclipse Adoptium\jdk-25.0.0.36-hotspot\bin\net.dll
Event: 0.140 Loaded shared library C:\Program Files\Eclipse Adoptium\jdk-25.0.0.36-hotspot\bin\nio.dll
Event: 0.149 Loaded shared library C:\Program Files\Eclipse Adoptium\jdk-25.0.0.36-hotspot\bin\zip.dll
Event: 0.534 Loaded shared library C:\Program Files\Eclipse Adoptium\jdk-25.0.0.36-hotspot\bin\jimage.dll
Event: 0.539 Loaded shared library C:\Users\Nadjidatie\Maven\apache-maven-3.9.11-bin\apache-maven-3.9.11\lib\jansi-native\Windows\x86_64\jansi.dll
Event: 0.581 Loaded shared library C:\Program Files\Eclipse Adoptium\jdk-25.0.0.36-hotspot\bin\verify.dll
Event: 8.050 Loaded shared library C:\Program Files\Eclipse Adoptium\jdk-25.0.0.36-hotspot\bin\extnet.dll
Event: 8.264 Loaded shared library C:\Program Files\Eclipse Adoptium\jdk-25.0.0.36-hotspot\bin\sunmscapi.dll
Event: 43.166 Loaded shared library C:\Program Files\Eclipse Adoptium\jdk-25.0.0.36-hotspot\bin\management.dll
Event: 43.192 Loaded shared library C:\Program Files\Eclipse Adoptium\jdk-25.0.0.36-hotspot\bin\management_ext.dll

Deoptimization events (20 events):
Event: 61.602 Thread 0x000001b0635effa0 Uncommon trap: trap_request=0xffffff45 fr.pc=0x000001b04f6fb194 relative=0x0000000000000794
Event: 61.602 Thread 0x000001b0635effa0 Uncommon trap: reason=unstable_if action=reinterpret pc=0x000001b04f6fb194 method=java.lang.String.getBytes([BIB)V @ 5 c2
Event: 61.602 Thread 0x000001b0635effa0 DEOPT PACKING pc=0x000001b04f6fb194 sp=0x00000006666fef70
Event: 61.603 Thread 0x000001b0635effa0 DEOPT UNPACKING pc=0x000001b04f1081fc sp=0x00000006666fee70 mode 2
Event: 61.603 Thread 0x000001b0635effa0 Uncommon trap: trap_request=0xffffff45 fr.pc=0x000001b04f765538 relative=0x00000000000000b8
Event: 61.603 Thread 0x000001b0635effa0 Uncommon trap: reason=unstable_if action=reinterpret pc=0x000001b04f765538 method=java.lang.String.codePointAt(I)I @ 4 c2
Event: 61.603 Thread 0x000001b0635effa0 DEOPT PACKING pc=0x000001b04f765538 sp=0x00000006666fef20
Event: 61.603 Thread 0x000001b0635effa0 DEOPT UNPACKING pc=0x000001b04f1081fc sp=0x00000006666feea8 mode 2
Event: 61.603 Thread 0x000001b0635effa0 Uncommon trap: trap_request=0xffffffc6 fr.pc=0x000001b04f67d6f4 relative=0x0000000000000274
Event: 61.603 Thread 0x000001b0635effa0 Uncommon trap: reason=bimorphic_or_optimized_type_check action=maybe_recompile pc=0x000001b04f67d6f4 method=java.util.regex.Matcher.getTextLength()I @ 4 c2
Event: 61.603 Thread 0x000001b0635effa0 DEOPT PACKING pc=0x000001b04f67d6f4 sp=0x00000006666ff010
Event: 61.603 Thread 0x000001b0635effa0 DEOPT UNPACKING pc=0x000001b04f1081fc sp=0x00000006666fef40 mode 2
Event: 71.182 Thread 0x000001b0635f45f0 Uncommon trap: trap_request=0xffffffde fr.pc=0x000001b04f822e60 relative=0x00000000000000e0
Event: 71.182 Thread 0x000001b0635f45f0 Uncommon trap: reason=class_check action=maybe_recompile pc=0x000001b04f822e60 method=java.lang.Thread.isVirtual()Z @ 1 c2
Event: 71.182 Thread 0x000001b0635f45f0 DEOPT PACKING pc=0x000001b04f822e60 sp=0x00000006648ff2f0
Event: 71.182 Thread 0x000001b0635f45f0 DEOPT UNPACKING pc=0x000001b04f1081fc sp=0x00000006648ff1b8 mode 2
Event: 81.184 Thread 0x000001b0635f45f0 Uncommon trap: trap_request=0xffffffde fr.pc=0x000001b04f822e60 relative=0x00000000000000e0
Event: 81.184 Thread 0x000001b0635f45f0 Uncommon trap: reason=class_check action=maybe_recompile pc=0x000001b04f822e60 method=java.lang.Thread.isVirtual()Z @ 1 c2
Event: 81.184 Thread 0x000001b0635f45f0 DEOPT PACKING pc=0x000001b04f822e60 sp=0x00000006648ff2f0
Event: 81.184 Thread 0x000001b0635f45f0 DEOPT UNPACKING pc=0x000001b04f1081fc sp=0x00000006648ff1b8 mode 2

Classes loaded (20 events):
Event: 61.369 Loading class java/util/DualPivotQuicksort
Event: 61.370 Loading class java/util/DualPivotQuicksort done
Event: 61.375 Loading class java/lang/ProcessBuilder
Event: 61.375 Loading class java/lang/ProcessBuilder done
Event: 61.376 Loading class java/lang/ProcessImpl
Event: 61.377 Loading class java/lang/ProcessImpl done
Event: 61.550 Loading class java/lang/Process$PipeOutputStream
Event: 61.551 Loading class java/lang/Process$PipeOutputStream done
Event: 61.551 Loading class java/lang/Process$PipeInputStream
Event: 61.551 Loading class java/lang/Process$PipeInputStream done
Event: 61.551 Loading class jdk/internal/event/ProcessStartEvent
Event: 61.558 Loading class jdk/internal/event/ProcessStartEvent done
Event: 61.561 Loading class java/nio/channels/ClosedChannelException
Event: 61.562 Loading class java/nio/channels/ClosedChannelException done
Event: 61.564 Loading class java/nio/channels/NonReadableChannelException
Event: 61.565 Loading class java/nio/channels/NonReadableChannelException done
Event: 61.594 Loading class java/util/Scanner
Event: 61.596 Loading class java/util/Scanner done
Event: 61.599 Loading class java/util/Scanner$PatternLRUCache
Event: 61.600 Loading class java/util/Scanner$PatternLRUCache done

Classes unloaded (0 events):
No events

Classes redefined (0 events):
No events

Internal exceptions (20 events):
Event: 57.251 Thread 0x000001b03d660040 Exception <a 'java/lang/NoSuchMethodError'{0x00000000c92546b0}: 'void java.lang.invoke.Invokers$Holder.invokeExact_MT(java.lang.Object, java.lang.Object, java.lang.Object)'> (0x00000000c92546b0) 
thrown [s\src\hotspot\share\interpreter\linkResolver.cpp, line 804]
Event: 57.333 Thread 0x000001b03d660040 Exception <a 'java/io/IOException'{0x00000000c9187e90}> (0x00000000c9187e90) 
thrown [s\src\hotspot\share\prims\jni.cpp, line 516]
Event: 57.363 Thread 0x000001b03d660040 Exception <a 'sun/nio/fs/WindowsException'{0x00000000c9190270}> (0x00000000c9190270) 
thrown [s\src\hotspot\share\prims\jni.cpp, line 516]
Event: 57.363 Thread 0x000001b03d660040 Exception <a 'sun/nio/fs/WindowsException'{0x00000000c91908e0}> (0x00000000c91908e0) 
thrown [s\src\hotspot\share\prims\jni.cpp, line 516]
Event: 57.377 Thread 0x000001b03d660040 Exception <a 'java/io/IOException'{0x00000000c91a8888}> (0x00000000c91a8888) 
thrown [s\src\hotspot\share\prims\jni.cpp, line 516]
Event: 57.380 Thread 0x000001b03d660040 Exception <a 'sun/nio/fs/WindowsException'{0x00000000c91a9548}> (0x00000000c91a9548) 
thrown [s\src\hotspot\share\prims\jni.cpp, line 516]
Event: 57.514 Thread 0x000001b03d660040 Implicit null exception at 0x000001b04f8761b5 to 0x000001b04f87647d
Event: 57.894 Thread 0x000001b03d660040 Exception <a 'sun/nio/fs/WindowsException'{0x00000000c88f9138}> (0x00000000c88f9138) 
thrown [s\src\hotspot\share\prims\jni.cpp, line 516]
Event: 57.894 Thread 0x000001b03d660040 Exception <a 'sun/nio/fs/WindowsException'{0x00000000c88f99e0}> (0x00000000c88f99e0) 
thrown [s\src\hotspot\share\prims\jni.cpp, line 516]
Event: 58.929 Thread 0x000001b03d660040 Exception <a 'java/lang/NoSuchMethodError'{0x00000000c8bea8a8}: 'java.lang.Object java.lang.invoke.DirectMethodHandle$Holder.invokeStaticInit(java.lang.Object, int, int, java.lang.Object)'> (0x00000000c8bea8a8) 
thrown [s\src\hotspot\share\interpreter\linkResolver.cpp, line 804]
Event: 59.752 Thread 0x000001b03d660040 Exception <a 'java/io/IOException'{0x00000000cadd5ed8}> (0x00000000cadd5ed8) 
thrown [s\src\hotspot\share\prims\jni.cpp, line 516]
Event: 59.756 Thread 0x000001b03d660040 Exception <a 'java/io/IOException'{0x00000000cadd68b0}> (0x00000000cadd68b0) 
thrown [s\src\hotspot\share\prims\jni.cpp, line 516]
Event: 59.759 Thread 0x000001b03d660040 Exception <a 'java/io/IOException'{0x00000000cadd7278}> (0x00000000cadd7278) 
thrown [s\src\hotspot\share\prims\jni.cpp, line 516]
Event: 60.897 Thread 0x000001b0635ee060 Exception <a 'java/lang/NoSuchMethodError'{0x00000000ca2bf8c8}: 'java.lang.Object java.lang.invoke.DirectMethodHandle$Holder.invokeStatic(java.lang.Object, long, java.lang.Object)'> (0x00000000ca2bf8c8) 
thrown [s\src\hotspot\share\interpreter\linkResolver.cpp, line 804]
Event: 60.898 Thread 0x000001b0635ee060 Exception <a 'java/lang/NoSuchMethodError'{0x00000000ca2c7708}: 'java.lang.Object java.lang.invoke.DirectMethodHandle$Holder.invokeStaticInit(java.lang.Object, long, java.lang.Object)'> (0x00000000ca2c7708) 
thrown [s\src\hotspot\share\interpreter\linkResolver.cpp, line 804]
Event: 60.899 Thread 0x000001b0635ee060 Exception <a 'java/lang/NoSuchMethodError'{0x00000000ca2d6898}: 'java.lang.Object java.lang.invoke.DirectMethodHandle$Holder.newInvokeSpecial(java.lang.Object, long)'> (0x00000000ca2d6898) 
thrown [s\src\hotspot\share\interpreter\linkResolver.cpp, line 804]
Event: 60.908 Thread 0x000001b0635ee060 Exception <a 'java/lang/NoSuchMethodError'{0x00000000ca2dfa58}: 'long java.lang.invoke.DirectMethodHandle$Holder.invokeInterface(java.lang.Object, java.lang.Object)'> (0x00000000ca2dfa58) 
thrown [s\src\hotspot\share\interpreter\linkResolver.cpp, line 804]
Event: 60.910 Thread 0x000001b0635ee060 Exception <a 'java/lang/NoSuchMethodError'{0x00000000ca2e7a08}: 'long java.lang.invoke.DelegatingMethodHandle$Holder.reinvoke_L(java.lang.Object, java.lang.Object)'> (0x00000000ca2e7a08) 
thrown [s\src\hotspot\share\interpreter\linkResolver.cpp, line 804]
Event: 61.211 Thread 0x000001b03d660040 Exception <a 'java/lang/NoSuchMethodError'{0x00000000c9aac698}: 'java.lang.Object java.lang.invoke.DirectMethodHandle$Holder.invokeStatic(java.lang.Object, int, java.lang.Object)'> (0x00000000c9aac698) 
thrown [s\src\hotspot\share\interpreter\linkResolver.cpp, line 804]
Event: 61.549 Thread 0x000001b03d660040 Exception <a 'java/lang/NoSuchMethodError'{0x00000000c97af148}: 'void java.lang.invoke.DirectMethodHandle$Holder.invokeStatic(java.lang.Object, long)'> (0x00000000c97af148) 
thrown [s\src\hotspot\share\interpreter\linkResolver.cpp, line 804]

VM Operations (20 events):
Event: 59.080 Executing safepoint VM operation: G1TryInitiateConcMark (G1 Humongous Allocation)
Event: 59.112 Executing safepoint VM operation: G1TryInitiateConcMark (G1 Humongous Allocation) done
Event: 59.542 Executing safepoint VM operation: G1PauseRemark
Event: 59.565 Executing safepoint VM operation: G1PauseRemark done
Event: 59.726 Executing safepoint VM operation: G1PauseCleanup
Event: 59.726 Executing safepoint VM operation: G1PauseCleanup done
Event: 59.973 Executing safepoint VM operation: G1CollectForAllocation (G1 Evacuation Pause)
Event: 60.006 Executing safepoint VM operation: G1CollectForAllocation (G1 Evacuation Pause) done
Event: 60.046 Executing non-safepoint VM operation: HandshakeAllThreads (HandshakeForDeflation)
Event: 60.046 Executing non-safepoint VM operation: HandshakeAllThreads (HandshakeForDeflation) done
Event: 60.047 Executing non-safepoint VM operation: RendezvousGCThreads
Event: 60.047 Executing non-safepoint VM operation: RendezvousGCThreads done
Event: 60.846 Executing non-safepoint VM operation: HandshakeAllThreads (Deoptimize)
Event: 60.846 Executing non-safepoint VM operation: HandshakeAllThreads (Deoptimize) done
Event: 60.907 Executing non-safepoint VM operation: HandshakeAllThreads (Deoptimize)
Event: 60.908 Executing non-safepoint VM operation: HandshakeAllThreads (Deoptimize) done
Event: 61.270 Executing non-safepoint VM operation: HandshakeAllThreads (Deoptimize)
Event: 61.270 Executing non-safepoint VM operation: HandshakeAllThreads (Deoptimize) done
Event: 61.293 Executing non-safepoint VM operation: HandshakeAllThreads (Deoptimize)
Event: 61.293 Executing non-safepoint VM operation: HandshakeAllThreads (Deoptimize) done

Memory protections (0 events):
No events

Nmethod flushes (20 events):
Event: 59.563 Thread 0x000001b05a9ecf70 flushing  nmethod 0x000001b04882c888
Event: 59.563 Thread 0x000001b05a9ecf70 flushing  nmethod 0x000001b04882f108
Event: 59.563 Thread 0x000001b05a9ecf70 flushing  nmethod 0x000001b04882fb88
Event: 59.563 Thread 0x000001b05a9ecf70 flushing  nmethod 0x000001b048832608
Event: 59.563 Thread 0x000001b05a9ecf70 flushing  nmethod 0x000001b048833608
Event: 59.563 Thread 0x000001b05a9ecf70 flushing  nmethod 0x000001b048837088
Event: 59.563 Thread 0x000001b05a9ecf70 flushing  nmethod 0x000001b048851d88
Event: 59.563 Thread 0x000001b05a9ecf70 flushing  nmethod 0x000001b048861788
Event: 59.563 Thread 0x000001b05a9ecf70 flushing  nmethod 0x000001b0488cec08
Event: 59.563 Thread 0x000001b05a9ecf70 flushing  nmethod 0x000001b0488d4488
Event: 59.563 Thread 0x000001b05a9ecf70 flushing  nmethod 0x000001b0488d4a08
Event: 59.563 Thread 0x000001b05a9ecf70 flushing  nmethod 0x000001b0488f0008
Event: 59.563 Thread 0x000001b05a9ecf70 flushing  nmethod 0x000001b0488f1308
Event: 59.563 Thread 0x000001b05a9ecf70 flushing  nmethod 0x000001b0488f1e88
Event: 59.563 Thread 0x000001b05a9ecf70 flushing  nmethod 0x000001b048908508
Event: 59.563 Thread 0x000001b05a9ecf70 flushing  nmethod 0x000001b04890f688
Event: 59.563 Thread 0x000001b05a9ecf70 flushing  nmethod 0x000001b04890fb88
Event: 59.563 Thread 0x000001b05a9ecf70 flushing  nmethod 0x000001b048910d88
Event: 59.563 Thread 0x000001b05a9ecf70 flushing  nmethod 0x000001b048a74b88
Event: 59.563 Thread 0x000001b05a9ecf70 flushing  nmethod 0x000001b048b08608

Events (20 events):
Event: 24.162 Thread 0x000001b03d660040 Thread added: 0x000001b05f93be90
Event: 24.162 Thread 0x000001b03d660040 Thread added: 0x000001b05f18a0a0
Event: 26.377 Thread 0x000001b05f18a0a0 Thread exited: 0x000001b05f18a0a0
Event: 26.404 Thread 0x000001b05accf220 Thread exited: 0x000001b05accf220
Event: 26.415 Thread 0x000001b05fadf700 Thread exited: 0x000001b05fadf700
Event: 26.422 Thread 0x000001b05f93be90 Thread exited: 0x000001b05f93be90
Event: 27.119 Thread 0x000001b03d660040 Thread added: 0x000001b0601a5610
Event: 27.119 Thread 0x000001b03d660040 Thread added: 0x000001b0601a5de0
Event: 27.454 Thread 0x000001b0601a5610 Thread exited: 0x000001b0601a5610
Event: 27.454 Thread 0x000001b0601a5de0 Thread exited: 0x000001b0601a5de0
Event: 40.728 Thread 0x000001b03d660040 Thread added: 0x000001b05f485db0
Event: 57.536 Thread 0x000001b03d660040 Thread added: 0x000001b0635f2e80
Event: 60.840 Thread 0x000001b03d660040 Thread added: 0x000001b0635ee060
Event: 60.913 Thread 0x000001b0635ee060 Thread exited: 0x000001b0635ee060
Event: 61.162 Thread 0x000001b03d660040 Thread added: 0x000001b0635ee060
Event: 61.174 Thread 0x000001b03d660040 Thread added: 0x000001b0635f45f0
Event: 61.368 Thread 0x000001b03d660040 Thread added: 0x000001b0635f4dc0
Event: 61.594 Thread 0x000001b03d660040 Thread added: 0x000001b0635effa0
Event: 61.594 Thread 0x000001b03d660040 Thread added: 0x000001b05ae2df70
Event: 61.636 Thread 0x000001b03d660040 Thread added: 0x000001b05ae31df0


Dynamic libraries:
0x00007ff73f980000 - 0x00007ff73f98e000 	C:\Program Files\Eclipse Adoptium\jdk-25.0.0.36-hotspot\bin\java.exe
0x00007ffee7390000 - 0x00007ffee7585000 	C:\WINDOWS\SYSTEM32\ntdll.dll
0x00007ffee71e0000 - 0x00007ffee729d000 	C:\WINDOWS\System32\KERNEL32.DLL
0x00007ffee4eb0000 - 0x00007ffee5178000 	C:\WINDOWS\System32\KERNELBASE.dll
0x00007ffee52f0000 - 0x00007ffee53f0000 	C:\WINDOWS\System32\ucrtbase.dll
0x00007ffec6040000 - 0x00007ffec605e000 	C:\Program Files\Eclipse Adoptium\jdk-25.0.0.36-hotspot\bin\VCRUNTIME140.dll
0x00007ffec5bd0000 - 0x00007ffec5be6000 	C:\Program Files\Eclipse Adoptium\jdk-25.0.0.36-hotspot\bin\jli.dll
0x00007ffee65e0000 - 0x00007ffee6780000 	C:\WINDOWS\System32\USER32.dll
0x00007ffee52c0000 - 0x00007ffee52e2000 	C:\WINDOWS\System32\win32u.dll
0x00007ffee6470000 - 0x00007ffee649a000 	C:\WINDOWS\System32\GDI32.dll
0x00007ffee4da0000 - 0x00007ffee4eab000 	C:\WINDOWS\System32\gdi32full.dll
0x00007ffee4d00000 - 0x00007ffee4d9d000 	C:\WINDOWS\System32\msvcp_win.dll
0x00007ffecc430000 - 0x00007ffecc6ca000 	C:\WINDOWS\WinSxS\amd64_microsoft.windows.common-controls_6595b64144ccf1df_6.0.19041.844_none_ca00b6081b84eb1d\COMCTL32.dll
0x00007ffee63d0000 - 0x00007ffee646e000 	C:\WINDOWS\System32\msvcrt.dll
0x00007ffee6ac0000 - 0x00007ffee6af0000 	C:\WINDOWS\System32\IMM32.DLL
0x00007ffec6ed0000 - 0x00007ffec6edc000 	C:\Program Files\Eclipse Adoptium\jdk-25.0.0.36-hotspot\bin\vcruntime140_1.dll
0x00007ffec1610000 - 0x00007ffec169d000 	C:\Program Files\Eclipse Adoptium\jdk-25.0.0.36-hotspot\bin\msvcp140.dll
0x00007ffe7d9f0000 - 0x00007ffe7e916000 	C:\Program Files\Eclipse Adoptium\jdk-25.0.0.36-hotspot\bin\server\jvm.dll
0x00007ffee7130000 - 0x00007ffee71dc000 	C:\WINDOWS\System32\ADVAPI32.dll
0x00007ffee6b60000 - 0x00007ffee6bfb000 	C:\WINDOWS\System32\sechost.dll
0x00007ffee6980000 - 0x00007ffee6aab000 	C:\WINDOWS\System32\RPCRT4.dll
0x00007ffee6360000 - 0x00007ffee63cb000 	C:\WINDOWS\System32\WS2_32.dll
0x00007ffee4070000 - 0x00007ffee40bb000 	C:\WINDOWS\SYSTEM32\POWRPROF.dll
0x00007ffec0340000 - 0x00007ffec0367000 	C:\WINDOWS\SYSTEM32\WINMM.dll
0x00007ffed6710000 - 0x00007ffed671a000 	C:\WINDOWS\SYSTEM32\VERSION.dll
0x00007ffee3f30000 - 0x00007ffee3f42000 	C:\WINDOWS\SYSTEM32\UMPDC.dll
0x00007ffee29f0000 - 0x00007ffee2a02000 	C:\WINDOWS\SYSTEM32\kernel.appcore.dll
0x00007ffec6cd0000 - 0x00007ffec6cda000 	C:\Program Files\Eclipse Adoptium\jdk-25.0.0.36-hotspot\bin\jimage.dll
0x00007ffed47e0000 - 0x00007ffed49c4000 	C:\WINDOWS\SYSTEM32\DBGHELP.DLL
0x00007ffecd910000 - 0x00007ffecd93c000 	C:\WINDOWS\SYSTEM32\dbgcore.DLL
0x00007ffee4c80000 - 0x00007ffee4d00000 	C:\WINDOWS\System32\bcryptPrimitives.dll
0x00007ffec5b70000 - 0x00007ffec5b8e000 	C:\Program Files\Eclipse Adoptium\jdk-25.0.0.36-hotspot\bin\java.dll
0x00007ffee6850000 - 0x00007ffee697a000 	C:\WINDOWS\System32\ole32.dll
0x00007ffee5510000 - 0x00007ffee5865000 	C:\WINDOWS\System32\combase.dll
0x00007ffee59d0000 - 0x00007ffee6112000 	C:\WINDOWS\System32\SHELL32.dll
0x00007ffee2c10000 - 0x00007ffee33a1000 	C:\WINDOWS\SYSTEM32\windows.storage.dll
0x00007ffee4540000 - 0x00007ffee456c000 	C:\WINDOWS\SYSTEM32\Wldp.dll
0x00007ffee53f0000 - 0x00007ffee549e000 	C:\WINDOWS\System32\SHCORE.dll
0x00007ffee6c00000 - 0x00007ffee6c55000 	C:\WINDOWS\System32\shlwapi.dll
0x00007ffee4a10000 - 0x00007ffee4a2f000 	C:\WINDOWS\SYSTEM32\profapi.dll
0x00007ffec5ac0000 - 0x00007ffec5ad1000 	C:\Program Files\Eclipse Adoptium\jdk-25.0.0.36-hotspot\bin\net.dll
0x00007ffee42b0000 - 0x00007ffee431a000 	C:\WINDOWS\system32\mswsock.dll
0x00007ffec55f0000 - 0x00007ffec5606000 	C:\Program Files\Eclipse Adoptium\jdk-25.0.0.36-hotspot\bin\nio.dll
0x00007ffec4cc0000 - 0x00007ffec4cd7000 	C:\Program Files\Eclipse Adoptium\jdk-25.0.0.36-hotspot\bin\zip.dll
0x00007ffec45b0000 - 0x00007ffec45d4000 	C:\Users\Nadjidatie\Maven\apache-maven-3.9.11-bin\apache-maven-3.9.11\lib\jansi-native\Windows\x86_64\jansi.dll
0x00007ffec6030000 - 0x00007ffec6040000 	C:\Program Files\Eclipse Adoptium\jdk-25.0.0.36-hotspot\bin\verify.dll
0x00007ffee4480000 - 0x00007ffee4498000 	C:\WINDOWS\SYSTEM32\CRYPTSP.dll
0x00007ffee3be0000 - 0x00007ffee3c14000 	C:\WINDOWS\system32\rsaenh.dll
0x00007ffee5180000 - 0x00007ffee51a7000 	C:\WINDOWS\System32\bcrypt.dll
0x00007ffee49d0000 - 0x00007ffee49fe000 	C:\WINDOWS\SYSTEM32\USERENV.dll
0x00007ffee44a0000 - 0x00007ffee44ac000 	C:\WINDOWS\SYSTEM32\CRYPTBASE.dll
0x00007ffee3f50000 - 0x00007ffee3f8b000 	C:\WINDOWS\SYSTEM32\IPHLPAPI.DLL
0x00007ffee6b50000 - 0x00007ffee6b58000 	C:\WINDOWS\System32\NSI.dll
0x00007ffee3f90000 - 0x00007ffee405c000 	C:\WINDOWS\SYSTEM32\DNSAPI.dll
0x00007ffed4550000 - 0x00007ffed455a000 	C:\Windows\System32\rasadhlp.dll
0x00007ffed6800000 - 0x00007ffed687f000 	C:\WINDOWS\System32\fwpuclnt.dll
0x00007ffec5f20000 - 0x00007ffec5f29000 	C:\Program Files\Eclipse Adoptium\jdk-25.0.0.36-hotspot\bin\extnet.dll
0x00007ffec5b60000 - 0x00007ffec5b6e000 	C:\Program Files\Eclipse Adoptium\jdk-25.0.0.36-hotspot\bin\sunmscapi.dll
0x00007ffee4ad0000 - 0x00007ffee4c2f000 	C:\WINDOWS\System32\CRYPT32.dll
0x00007ffee45b0000 - 0x00007ffee45d7000 	C:\WINDOWS\SYSTEM32\ncrypt.dll
0x00007ffee4570000 - 0x00007ffee45ab000 	C:\WINDOWS\SYSTEM32\NTASN1.dll
0x00007ffee3810000 - 0x00007ffee3843000 	C:\WINDOWS\SYSTEM32\ntmarta.dll
0x00007ffec5830000 - 0x00007ffec583a000 	C:\Program Files\Eclipse Adoptium\jdk-25.0.0.36-hotspot\bin\management.dll
0x00007ffec4cb0000 - 0x00007ffec4cbc000 	C:\Program Files\Eclipse Adoptium\jdk-25.0.0.36-hotspot\bin\management_ext.dll
0x00007ffee5500000 - 0x00007ffee5508000 	C:\WINDOWS\System32\PSAPI.DLL

JVMTI agents: none

dbghelp: loaded successfully - version: 4.0.5 - missing functions: none
symbol engine: initialized successfully - sym options: 0x614 - pdb path: .;C:\Program Files\Eclipse Adoptium\jdk-25.0.0.36-hotspot\bin;C:\WINDOWS\SYSTEM32;C:\WINDOWS\WinSxS\amd64_microsoft.windows.common-controls_6595b64144ccf1df_6.0.19041.844_none_ca00b6081b84eb1d;C:\Program Files\Eclipse Adoptium\jdk-25.0.0.36-hotspot\bin\server;C:\Users\Nadjidatie\Maven\apache-maven-3.9.11-bin\apache-maven-3.9.11\lib\jansi-native\Windows\x86_64

VM Arguments:
jvm_args: --enable-native-access=ALL-UNNAMED -Dclassworlds.conf=C:\Users\Nadjidatie\Maven\apache-maven-3.9.11-bin\apache-maven-3.9.11\bin\m2.conf -Dmaven.home=C:\Users\Nadjidatie\Maven\apache-maven-3.9.11-bin\apache-maven-3.9.11 -Dlibrary.jansi.path=C:\Users\Nadjidatie\Maven\apache-maven-3.9.11-bin\apache-maven-3.9.11\lib\jansi-native -Dmaven.multiModuleProjectDirectory=C:\Users\Nadjidatie\airport-si-koteam 
java_command: org.codehaus.plexus.classworlds.launcher.Launcher clean verify sonar:sonar -Dsonar .login=squ_0dbce132bf51adbc1d3b4ea522e6694fbf1abba8
java_class_path (initial): C:\Users\Nadjidatie\Maven\apache-maven-3.9.11-bin\apache-maven-3.9.11\boot\plexus-classworlds-2.9.0.jar
Launcher Type: SUN_STANDARD

[Global flags]
     intx CICompilerCount                          = 3                                         {product} {ergonomic}
     uint ConcGCThreads                            = 1                                         {product} {ergonomic}
     uint G1ConcRefinementThreads                  = 4                                         {product} {ergonomic}
   size_t G1HeapRegionSize                         = 1048576                                   {product} {ergonomic}
   size_t InitialHeapSize                          = 65011712                                  {product} {ergonomic}
   size_t MarkStackSize                            = 4194304                                   {product} {ergonomic}
   size_t MarkStackSizeMax                         = 536870912                                 {product} {ergonomic}
   size_t MaxHeapSize                              = 1040187392                                {product} {ergonomic}
   size_t MaxNewSize                               = 623902720                                 {product} {ergonomic}
   size_t MinHeapDeltaBytes                        = 1048576                                   {product} {ergonomic}
   size_t MinHeapSize                              = 8388608                                   {product} {ergonomic}
    uintx NonNMethodCodeHeapSize                   = 5832704                                {pd product} {ergonomic}
    uintx NonProfiledCodeHeapSize                  = 122945536                              {pd product} {ergonomic}
    uintx ProfiledCodeHeapSize                     = 122880000                              {pd product} {ergonomic}
    uintx ReservedCodeCacheSize                    = 251658240                              {pd product} {ergonomic}
     bool SegmentedCodeCache                       = true                                      {product} {ergonomic}
   size_t SoftMaxHeapSize                          = 1040187392                             {manageable} {ergonomic}
     bool UseCompressedOops                        = true                           {product lp64_product} {ergonomic}
     bool UseG1GC                                  = true                                      {product} {ergonomic}
     bool UseLargePagesIndividualAllocation        = false                                  {pd product} {ergonomic}

Logging:
Log output configuration:
 #0: stdout all=warning uptime,level,tags foldmultilines=false
 #1: stderr all=off uptime,level,tags foldmultilines=false

Release file:
IMPLEMENTOR="Eclipse Adoptium" 
IMPLEMENTOR_VERSION="Temurin-25+36" 
JAVA_RUNTIME_VERSION="25+36-LTS" 
JAVA_VERSION="25" 
JAVA_VERSION_DATE="2025-09-16" 
LIBC="default" 
MODULES="java.base java.compiler java.datatransfer java.xml java.prefs java.desktop java.instrument java.logging java.management java.security.sasl java.naming java.rmi java.management.rmi java.net.http java.scripting java.security.jgss java.transaction.xa java.sql java.sql.rowset java.xml.crypto java.se java.smartcardio jdk.accessibility jdk.internal.jvmstat jdk.attach jdk.charsets jdk.internal.opt jdk.zipfs jdk.compiler jdk.crypto.cryptoki jdk.crypto.ec jdk.crypto.mscapi jdk.dynalink jdk.internal.ed jdk.editpad jdk.internal.vm.ci jdk.graal.compiler jdk.graal.compiler.management jdk.hotspot.agent jdk.httpserver jdk.incubator.vector jdk.internal.le jdk.internal.md jdk.jartool jdk.javadoc jdk.jcmd jdk.management jdk.management.agent jdk.jconsole jdk.jdeps jdk.jdwp.agent jdk.jdi jdk.jfr jdk.jlink jdk.jpackage jdk.jshell jdk.jsobject jdk.jstatd jdk.localedata jdk.management.jfr jdk.naming.dns jdk.naming.rmi jdk.net jdk.nio.mapmode jdk.sctp jdk.security.auth jdk.security.jgss jdk.unsupported jdk.unsupported.desktop jdk.xml.dom" 
OS_ARCH="x86_64" 
OS_NAME="Windows" 
SOURCE=".:git:ef82ae723551" 
BUILD_SOURCE="git:b7337f50fb2a765519e79674ae790c2a7450149e"
BUILD_SOURCE_REPO="https://github.com/adoptium/temurin-build.git"
SOURCE_REPO="https://github.com/adoptium/jdk.git"
FULL_VERSION="25+36-LTS"
SEMANTIC_VERSION="25+36"
BUILD_INFO="OS: Windows Server 2022 Version: 10.0"
JVM_VARIANT="Hotspot"
JVM_VERSION="25+36-LTS"
IMAGE_TYPE="JDK"

Environment Variables:
PATH=C:\Program Files\Eclipse Adoptium\jdk-25.0.0.36-hotspot\bin;C:\WINDOWS\system32;C:\WINDOWS;C:\WINDOWS\System32\Wbem;C:\WINDOWS\System32\WindowsPowerShell\v1.0\;C:\WINDOWS\System32\OpenSSH\;C:\Program Files\nodejs\;C:\Program Files\Git\cmd;C:\Users\Nadjidatie\AppData\Local\Microsoft\WindowsApps;C:\Users\Nadjidatie\AppData\Local\Programs\Microsoft VS Code\bin;C:\Users\Nadjidatie\AppData\Roaming\npm;C:\Program Files\Git\cmd;C:\Users\Nadjidatie\Maven\apache-maven-3.9.11-bin\apache-maven-3.9.11\bin;
USERNAME=Nadjidatie
OS=Windows_NT
PROCESSOR_IDENTIFIER=Intel64 Family 6 Model 142 Stepping 9, GenuineIntel
TMP=C:\Users\NADJID~1\AppData\Local\Temp
TEMP=C:\Users\NADJID~1\AppData\Local\Temp




Compilation memory statistics disabled.

Periodic native trim disabled

---------------  S Y S T E M  ---------------

OS:
 Windows 10 , 64 bit Build 19041 (10.0.19041.928)
OS uptime: 5 days 23:35 hours

CPU: total 4 (initial active 4) (2 cores per cpu, 2 threads per core) family 6 model 142 stepping 9 microcode 0xf6, cx8, cmov, fxsr, ht, mmx, 3dnowpref, sse, sse2, sse3, ssse3, sse4.1, sse4.2, popcnt, lzcnt, tsc, tscinvbit, aes, erms, clmul, clflush, clflushopt, rdtscp
Processor Information for the first 4 processors :
  Max Mhz: 1704, Current Mhz: 1704, Mhz Limit: 1704

Memory: 4k page, system-wide physical 3965M (643M free)
TotalPageFile size 11269M (AvailPageFile size 146M)
current process WorkingSet (physical memory assigned to process): 322M, peak: 360M
current process commit charge ("private bytes"): 398M, peak: 420M

vm_info: OpenJDK 64-Bit Server VM (25+36-LTS) for windows-amd64 JRE (25+36-LTS), built on 2025-09-16T00:00:00Z with unknown MS VC++:1942

END.
